<?xml version="1.0" encoding="UTF-8"?>
<!-- Generated by org.testng.reporters.JUnitReportReporter -->
<testsuite skipped="0" hostname="LAPTOP-TVS12QHR" name="TestScripts.CreateOrgAndValidate" tests="1" failures="0" timestamp="13 Apr 2021 10:57:14 GMT" time="45.303" errors="0">
  <testcase name="Orgnization" time="45.303" classname="TestScripts.CreateOrgAndValidate"/>
</testsuite> <!-- TestScripts.CreateOrgAndValidate -->
