<?xml version="1.0" encoding="UTF-8"?>
<!-- Generated by org.testng.reporters.JUnitReportReporter -->
<testsuite skipped="0" hostname="LAPTOP-TVS12QHR" name="TestScripts.CalenderHandling" tests="1" failures="0" timestamp="13 Apr 2021 13:03:42 GMT" time="19.698" errors="0">
  <testcase name="cHandling" time="19.698" classname="TestScripts.CalenderHandling"/>
</testsuite> <!-- TestScripts.CalenderHandling -->
