<?xml version="1.0" encoding="UTF-8"?>
<!-- Generated by org.testng.reporters.JUnitReportReporter -->
<testsuite skipped="0" hostname="LAPTOP-TVS12QHR" name="TestScripts.CreateContactbyOrg" tests="1" failures="0" timestamp="13 Apr 2021 12:36:59 GMT" time="43.557" errors="0">
  <testcase name="CCByOrganization" time="43.557" classname="TestScripts.CreateContactbyOrg"/>
</testsuite> <!-- TestScripts.CreateContactbyOrg -->
