<?xml version="1.0" encoding="UTF-8"?>
<!-- Generated by org.testng.reporters.JUnitReportReporter -->
<testsuite skipped="0" hostname="LAPTOP-TVS12QHR" name="TestScripts.CreateOrgAndValidate" tests="1" failures="0" timestamp="12 Apr 2021 10:05:10 GMT" time="96.148" errors="0">
  <testcase name="Orgnization" time="96.148" classname="TestScripts.CreateOrgAndValidate"/>
</testsuite> <!-- TestScripts.CreateOrgAndValidate -->
