<?xml version="1.0" encoding="UTF-8"?>
<!-- Generated by org.testng.reporters.JUnitReportReporter -->
<testsuite skipped="0" hostname="LAPTOP-TVS12QHR" name="TestScripts.FuureDateCalender" tests="1" failures="0" timestamp="13 Apr 2021 12:53:34 GMT" time="150.954" errors="0">
  <testcase name="FuturedateCal" time="150.954" classname="TestScripts.FuureDateCalender"/>
</testsuite> <!-- TestScripts.FuureDateCalender -->
