<?xml version="1.0" encoding="UTF-8"?>
<!-- Generated by org.testng.reporters.JUnitReportReporter -->
<testsuite skipped="1" hostname="LAPTOP-TVS12QHR" name="TestScripts.Dataprovider" tests="1" failures="0" timestamp="12 Apr 2021 06:03:05 GMT" time="0.000" errors="0">
  <testcase name="testcity" time="0.000" classname="TestScripts.Dataprovider">
    <skipped/>
  </testcase> <!-- testcity -->
</testsuite> <!-- TestScripts.Dataprovider -->
